Base path: C:/Program Files/Unity/Editor/Data
Pipe name: \\.\pipe\UnityShaderCompiler-64bit-1-12008
Cmd: getPlatforms
Cmd: preprocess
  insize=948 outsize=336 ok=1
Cmd: compileSnippet
  api=4 type=0 insize=911 outsize=1656 kw=LEAP_FORMAT_IR pd= ok=1
Cmd: compileSnippet
  api=4 type=1 insize=911 outsize=1997 kw=LEAP_FORMAT_IR pd= ok=1
Cmd: preprocess
  insize=4147 outsize=1124 ok=1
Cmd: compileSnippet
  api=4 type=0 insize=3330 outsize=2200 kw=LEAP_FORMAT_IR pd= ok=1
Cmd: compileSnippet
  api=4 type=1 insize=3330 outsize=2029 kw=LEAP_FORMAT_IR pd= ok=1
Cmd: compileSnippet
  api=4 type=0 insize=3325 outsize=2200 kw=LEAP_FORMAT_IR pd= ok=1
Cmd: compileSnippet
  api=4 type=1 insize=3325 outsize=3321 kw=LEAP_FORMAT_IR pd= ok=1
Cmd: preprocess
  insize=1342 outsize=543 ok=1
Cmd: compileSnippet
  api=4 type=0 insize=1098 outsize=1656 kw=LEAP_FORMAT_IR pd= ok=1
Cmd: compileSnippet
  api=4 type=1 insize=1098 outsize=2631 kw=LEAP_FORMAT_IR pd= ok=1
Cmd: preprocess
  insize=906 outsize=294 ok=1
Cmd: compileSnippet
  api=4 type=0 insize=909 outsize=1656 kw=LEAP_FORMAT_IR pd= ok=1
Cmd: compileSnippet
  api=4 type=1 insize=909 outsize=1997 kw=LEAP_FORMAT_IR pd= ok=1
Cmd: preprocess
  insize=824 outsize=821 ok=1
Cmd: compileSnippet
  api=4 type=0 insize=541 outsize=3533 kw=SHADOWS_DEPTH pd= ok=1
Cmd: compileSnippet
  api=4 type=1 insize=541 outsize=453 kw=SHADOWS_DEPTH pd= ok=1
Cmd: compileSnippet
  api=4 type=0 insize=7139 outsize=3663 kw=DIRECTIONAL SHADOWS_OFF LIGHTMAP_OFF DIRLIGHTMAP_OFF DYNAMICLIGHTMAP_OFF pd= ok=1
Cmd: compileSnippet
  api=4 type=1 insize=7139 outsize=2298 kw=DIRECTIONAL SHADOWS_OFF LIGHTMAP_OFF DIRLIGHTMAP_OFF DYNAMICLIGHTMAP_OFF pd= ok=1
Cmd: compileSnippet
  api=4 type=0 insize=3868 outsize=2753 kw=DIRECTIONAL pd= ok=1
Cmd: compileSnippet
  api=4 type=1 insize=3868 outsize=2151 kw=DIRECTIONAL pd= ok=1
Cmd: compileSnippet
  api=4 type=0 insize=751 outsize=3776 kw=SHADOWS_DEPTH _ALPHABLEND_ON pd= ok=1
Cmd: compileSnippet
  api=4 type=1 insize=751 outsize=1233 kw=SHADOWS_DEPTH _ALPHABLEND_ON pd= ok=1
Cmd: compileSnippet
  api=4 type=0 insize=982 outsize=3979 kw=DIRECTIONAL SHADOWS_OFF LIGHTMAP_OFF DIRLIGHTMAP_OFF DYNAMICLIGHTMAP_OFF _ALPHABLEND_ON pd= ok=1
Cmd: compileSnippet
  api=4 type=1 insize=982 outsize=10642 kw=DIRECTIONAL SHADOWS_OFF LIGHTMAP_OFF DIRLIGHTMAP_OFF DYNAMICLIGHTMAP_OFF _ALPHABLEND_ON pd= ok=1
Cmd: compileSnippet
  api=4 type=0 insize=938 outsize=4101 kw=DIRECTIONAL SHADOWS_OFF _ALPHABLEND_ON pd= ok=1
Cmd: compileSnippet
  api=4 type=1 insize=938 outsize=5539 kw=DIRECTIONAL SHADOWS_OFF _ALPHABLEND_ON pd= ok=1
Cmd: compileSnippet
  api=4 type=0 insize=577 outsize=3533 kw=SHADOWS_DEPTH pd= ok=1
Cmd: compileSnippet
  api=4 type=1 insize=577 outsize=453 kw=SHADOWS_DEPTH pd= ok=1
Cmd: compileSnippet
  api=4 type=0 insize=6914 outsize=3663 kw=DIRECTIONAL SHADOWS_OFF LIGHTMAP_OFF DIRLIGHTMAP_OFF DYNAMICLIGHTMAP_OFF pd= ok=1
Cmd: compileSnippet
  api=4 type=1 insize=6914 outsize=1249 kw=DIRECTIONAL SHADOWS_OFF LIGHTMAP_OFF DIRLIGHTMAP_OFF DYNAMICLIGHTMAP_OFF pd= ok=1
Cmd: compileSnippet
  api=4 type=0 insize=13030 outsize=11024 kw=UNITY_COLORSPACE_GAMMA _SUNDISK_SIMPLE pd= ok=1
Cmd: compileSnippet
  api=4 type=1 insize=13030 outsize=1899 kw=UNITY_COLORSPACE_GAMMA _SUNDISK_SIMPLE pd= ok=1
